Arguments: 
  /Users/leo/.nvm/versions/node/v19.8.1/bin/node /usr/local/bin/yarn add -D @tailwindcss/components

PATH: 
  /Users/leo/.nvm/versions/node/v19.8.1/bin:/Users/leo/opt/anaconda3/bin:/Users/leo/opt/anaconda3/condabin:/usr/local/bin:/usr/bin:/bin:/usr/sbin:/sbin

Yarn version: 
  1.22.19

Node version: 
  19.8.1

Platform: 
  darwin x64

Trace: 
  Error: https://registry.yarnpkg.com/@tailwindcss%2fcomponents: Not found
      at params.callback [as _callback] (/usr/local/lib/node_modules/yarn/lib/cli.js:66145:18)
      at self.callback (/usr/local/lib/node_modules/yarn/lib/cli.js:140890:22)
      at Request.emit (node:events:512:28)
      at Request.<anonymous> (/usr/local/lib/node_modules/yarn/lib/cli.js:141862:10)
      at Request.emit (node:events:512:28)
      at IncomingMessage.<anonymous> (/usr/local/lib/node_modules/yarn/lib/cli.js:141784:12)
      at Object.onceWrapper (node:events:626:28)
      at IncomingMessage.emit (node:events:524:35)
      at endReadableNT (node:internal/streams/readable:1359:12)
      at process.processTicksAndRejections (node:internal/process/task_queues:82:21)

npm manifest: 
  {
    "name": "midterm-web",
    "version": "1.0.0",
    "main": "index.js",
    "author": "leo1200213 <leo1200213870912@gmail.com>",
    "license": "MIT",
    "scripts": {
      "start": "cd backend && yarn start",
      "build": "cd frontend && yarn build",
      "install:all": "cd frontend && yarn install --production=false && cd ../backend && yarn"
      }
  }

yarn manifest: 
  No manifest

Lockfile: 
  # THIS IS AN AUTOGENERATED FILE. DO NOT EDIT THIS FILE DIRECTLY.
  # yarn lockfile v1
